<?xml version="1.0" encoding="UTF-8"?>
<testng-results ignored="0" total="1" passed="1" failed="0" skipped="0">
  <reporter-output>
  </reporter-output>
  <suite started-at="2023-07-17T22:57:10 IST" name="Parallel test suite" finished-at="2023-07-17T22:57:39 IST" duration-ms="29026">
    <groups>
    </groups>
    <test started-at="2023-07-17T22:57:10 IST" name="Regression Suite for Device 1" finished-at="2023-07-17T22:57:39 IST" duration-ms="29026">
      <class name="com.zensar.automation.framework.driver.MobileDriver">
        <test-method signature="test(java.lang.String,java.lang.String,java.lang.String,java.lang.String,int,java.lang.String,java.lang.String,java.lang.String,java.lang.String,java.lang.String,java.lang.String,int)[pri:0, instance:com.zensar.automation.framework.driver.MobileDriver@238d68ff]" started-at="2023-07-17T22:57:10 IST" name="test" finished-at="2023-07-17T22:57:39 IST" duration-ms="28989" status="PASS">
          <params>
            <param index="0">
              <value>
                <![CDATA[00008110-000125CC02E2401E]]>
              </value>
            </param>
            <param index="1">
              <value>
                <![CDATA[127.0.0.1]]>
              </value>
            </param>
            <param index="2">
              <value>
                <![CDATA[4723]]>
              </value>
            </param>
            <param index="3">
              <value>
                <![CDATA[16.5.1]]>
              </value>
            </param>
            <param index="4">
              <value>
                <![CDATA[0]]>
              </value>
            </param>
            <param index="5">
              <value>
                <![CDATA[harsha83s]]>
              </value>
            </param>
            <param index="6">
              <value>
                <![CDATA[True]]>
              </value>
            </param>
            <param index="7">
              <value>
                <![CDATA[iPhone13PROMAX]]>
              </value>
            </param>
            <param index="8">
              <value>
                <![CDATA[safari]]>
              </value>
            </param>
            <param index="9">
              <value>
                <![CDATA[ios]]>
              </value>
            </param>
            <param index="10">
              <value>
                <![CDATA[WildCatch]]>
              </value>
            </param>
            <param index="11">
              <value>
                <![CDATA[1]]>
              </value>
            </param>
          </params>
          <reporter-output>
          </reporter-output>
        </test-method> <!-- test -->
        <test-method is-config="true" signature="closeBrowser()[pri:0, instance:com.zensar.automation.framework.driver.MobileDriver@238d68ff]" started-at="2023-07-17T22:57:39 IST" name="closeBrowser" finished-at="2023-07-17T22:57:39 IST" duration-ms="7" status="PASS">
          <reporter-output>
          </reporter-output>
        </test-method> <!-- closeBrowser -->
        <test-method is-config="true" signature="afterSuite()[pri:0, instance:com.zensar.automation.framework.driver.MobileDriver@238d68ff]" started-at="2023-07-17T22:57:39 IST" name="afterSuite" finished-at="2023-07-17T22:57:39 IST" duration-ms="1" status="PASS">
          <reporter-output>
          </reporter-output>
        </test-method> <!-- afterSuite -->
      </class> <!-- com.zensar.automation.framework.driver.MobileDriver -->
    </test> <!-- Regression Suite for Device 1 -->
  </suite> <!-- Parallel test suite -->
</testng-results>
